<?xml version="1.0" encoding="UTF-8"?>
<!-- Generated by org.testng.reporters.JUnitXMLReporter -->
<testsuite hostname="DESKTOP-PFKHA3E" ignored="0" name="Register Test Cases 3" tests="1" failures="0" timestamp="2019-11-12T15:03:55 IST" time="0.006" errors="0">
  <testcase name="validateDropDownValueOfFilterOnShopPage" time="0.0" classname="com.bhavin.testCases.TestCase_04_ValidateDropDownValueOfFilterOnShopPage">
    <skipped/>
  </testcase> <!-- validateDropDownValueOfFilterOnShopPage -->
</testsuite> <!-- Register Test Cases 3 -->
