<?xml version="1.0" encoding="UTF-8"?>
<!-- Generated by org.testng.reporters.JUnitXMLReporter -->
<testsuite hostname="DESKTOP-PFKHA3E" ignored="0" name="Register Test Cases 2" tests="1" failures="0" timestamp="2019-11-12T15:03:55 IST" time="0.022" errors="0">
  <testcase name="validateRegisterButtonShouldBeDisabledIfPasswordCriteriaNotFulFiiled" time="0.0" classname="com.bhavin.testCases.TestCase_03_ValidateRegisterButtonShouldBeDisabledIfPasswordCriteriaNotFulFiiled">
    <skipped/>
  </testcase> <!-- validateRegisterButtonShouldBeDisabledIfPasswordCriteriaNotFulFiiled -->
</testsuite> <!-- Register Test Cases 2 -->
