<?xml version="1.0" encoding="UTF-8"?>
<testsuite xmlns:xsi="http://www.w3.org/2001/XMLSchema-instance" xsi:noNamespaceSchemaLocation="https://maven.apache.org/surefire/maven-surefire-plugin/xsd/surefire-test-report.xsd" name="TestSuite" time="135.613" tests="5" errors="0" skipped="0" failures="2">
  <properties>
[...]
</properties>
  <testcase name="validateRegistrationDoneSuccessfully" classname="com.bhavin.testCases.TestCase_01_ValidateRegistrationDoneSuccessfully" time="15.09"/>
  <testcase name="validateRegisterButtonShouldBeEnabledIfPasswordFieldBlank" classname="com.bhavin.testCases.TestCase_02_ValidateRegisterButtonShouldBeEnabledIfPasswordFieldBlank" time="12.917"/>
  <testcase name="validateRegisterButtonShouldBeDisabledIfPasswordCriteriaNotFulFiiled" classname="com.bhavin.testCases.TestCase_03_ValidateRegisterButtonShouldBeDisabledIfPasswordCriteriaNotFulFiiled" time="11.916"/>
  <testcase name="validateDropDownValueOfFilterOnShopPage" classname="com.bhavin.testCases.TestCase_04_ValidateDropDownValueOfFilterOnShopPage" time="31.158">
    <failure message="Expected Data missing : [low to high, high to low]Actual Data found :[]: lists don&apos;t have the same size expected [8] but found [6]" type="java.lang.AssertionError">java.lang.AssertionError: Expected Data missing : [low to high, high to low]Actual Data found :[]: lists don't have the same size expected [8] but found [6]
	at com.bhavin.testCases.TestCase_04_ValidateDropDownValueOfFilterOnShopPage.validateDropDownValueOfFilterOnShopPage(TestCase_04_ValidateDropDownValueOfFilterOnShopPage.java:56)
</failure>
    <system-out><![CDATA[9
]]></system-out>
    <system-err><![CDATA[Starting ChromeDriver 78.0.3904.70 (edb9c9f3de0247fd912a77b7f6cae7447f6d3ad5-refs/branch-heads/3904@{#800}) on port 5905
Only local connections are allowed.
Please protect ports used by ChromeDriver and related test frameworks to prevent access by malicious code.
[1573563637.255][WARNING]: Timed out connecting to Chrome, retrying...
Nov 12, 2019 6:30:39 PM org.openqa.selenium.remote.ProtocolHandshake createSession
INFO: Detected dialect: W3C
[1573563641.271][WARNING]: Timed out connecting to Chrome, retrying...
log4j:WARN No appenders could be found for logger (org.apache.http.impl.conn.PoolingHttpClientConnectionManager).
log4j:WARN Please initialize the log4j system properly.
log4j:WARN See http://logging.apache.org/log4j/1.2/faq.html#noconfig for more info.
]]></system-err>
  </testcase>
  <testcase name="quit" classname="com.bhavin.base.TestBase" time="36.126">
    <failure message="invalid session id&#10;Build info: version: &apos;3.141.59&apos;, revision: &apos;e82be7d358&apos;, time: &apos;2018-11-14T08:17:03&apos;&#10;System info: host: &apos;DESKTOP-PFKHA3E&apos;, ip: &apos;10.0.75.1&apos;, os.name: &apos;Windows 10&apos;, os.arch: &apos;amd64&apos;, os.version: &apos;10.0&apos;, java.version: &apos;1.8.0_151&apos;&#10;Driver info: org.openqa.selenium.chrome.ChromeDriver&#10;Capabilities {acceptInsecureCerts: false, browserName: chrome, browserVersion: 78.0.3904.97, chrome: {chromedriverVersion: 78.0.3904.70 (edb9c9f3de024..., userDataDir: C:\Users\BHAVIN~1\AppData\L...}, goog:chromeOptions: {debuggerAddress: localhost:52446}, javascriptEnabled: true, networkConnectionEnabled: false, pageLoadStrategy: normal, platform: XP, platformName: XP, proxy: Proxy(), setWindowRect: true, strictFileInteractability: false, timeouts: {implicit: 0, pageLoad: 300000, script: 30000}, unhandledPromptBehavior: dismiss and notify}&#10;Session ID: 814d6b5844acab350ca73e5e05b6f02e" type="org.openqa.selenium.NoSuchSessionException">org.openqa.selenium.NoSuchSessionException: 
invalid session id
Build info: version: '3.141.59', revision: 'e82be7d358', time: '2018-11-14T08:17:03'
System info: host: 'DESKTOP-PFKHA3E', ip: '10.0.75.1', os.name: 'Windows 10', os.arch: 'amd64', os.version: '10.0', java.version: '1.8.0_151'
Driver info: org.openqa.selenium.chrome.ChromeDriver
Capabilities {acceptInsecureCerts: false, browserName: chrome, browserVersion: 78.0.3904.97, chrome: {chromedriverVersion: 78.0.3904.70 (edb9c9f3de024..., userDataDir: C:\Users\BHAVIN~1\AppData\L...}, goog:chromeOptions: {debuggerAddress: localhost:52446}, javascriptEnabled: true, networkConnectionEnabled: false, pageLoadStrategy: normal, platform: XP, platformName: XP, proxy: Proxy(), setWindowRect: true, strictFileInteractability: false, timeouts: {implicit: 0, pageLoad: 300000, script: 30000}, unhandledPromptBehavior: dismiss and notify}
Session ID: 814d6b5844acab350ca73e5e05b6f02e
	at com.bhavin.base.TestBase.quit(TestBase.java:171)
</failure>
  </testcase>
</testsuite>