<?xml version="1.0" encoding="UTF-8"?>
<testsuite name="Register Test Cases"
           tests="3"
           failures="1"
           errors="0"
           skipped="2"
           time="-1573551677.631">
  <properties />
            <testcase name="setup" time="1.700" classname="com.bhavin.testCases.TestCase_01_ValidateRegistrationDoneSuccessfully">
                <failure type="java.lang.NoSuchMethodError"
                  message="com.google.common.collect.ImmutableList.toImmutableList()Ljava/util/stream/Collector;"
              >
<![CDATA[java.lang.NoSuchMethodError: com.google.common.collect.ImmutableList.toImmutableList()Ljava/util/stream/Collector;
  org.openqa.selenium.chrome.ChromeOptions.asMap(ChromeOptions.java:246)
  org.openqa.selenium.remote.NewSessionPayload.create(NewSessionPayload.java:94)
  org.openqa.selenium.remote.ProtocolHandshake.createSession(ProtocolHandshake.java:68)
  org.openqa.selenium.remote.HttpCommandExecutor.execute(HttpCommandExecutor.java:139)
  org.openqa.selenium.remote.service.DriverCommandExecutor.execute(DriverCommandExecutor.java:83)
  org.openqa.selenium.remote.RemoteWebDriver.execute(RemoteWebDriver.java:577)
  org.openqa.selenium.remote.RemoteWebDriver.startSession(RemoteWebDriver.java:211)
  org.openqa.selenium.remote.RemoteWebDriver.<init>(RemoteWebDriver.java:131)
  org.openqa.selenium.chrome.ChromeDriver.<init>(ChromeDriver.java:189)
  org.openqa.selenium.chrome.ChromeDriver.<init>(ChromeDriver.java:176)
  org.openqa.selenium.chrome.ChromeDriver.<init>(ChromeDriver.java:131)
  com.bhavin.base.TestBase.setup(TestBase.java:50)
  sun.reflect.NativeMethodAccessorImpl.invoke0(Native Method)
  sun.reflect.NativeMethodAccessorImpl.invoke(Unknown Source)
  sun.reflect.DelegatingMethodAccessorImpl.invoke(Unknown Source)
  java.lang.reflect.Method.invoke(Unknown Source)
  org.testng.internal.MethodInvocationHelper.invokeMethod(MethodInvocationHelper.java:133)
  org.testng.internal.MethodInvocationHelper.invokeMethodConsideringTimeout(MethodInvocationHelper.java:62)
  org.testng.internal.ConfigInvoker.invokeConfigurationMethod(ConfigInvoker.java:340)
  org.testng.internal.ConfigInvoker.invokeConfigurations(ConfigInvoker.java:294)
  org.testng.SuiteRunner.privateRun(SuiteRunner.java:345)
  org.testng.SuiteRunner.run(SuiteRunner.java:304)
  org.testng.SuiteRunnerWorker.runSuite(SuiteRunnerWorker.java:53)
  org.testng.SuiteRunnerWorker.run(SuiteRunnerWorker.java:96)
  org.testng.TestNG.runSuitesSequentially(TestNG.java:1180)
  org.testng.TestNG.runSuitesLocally(TestNG.java:1102)
  org.testng.TestNG.runSuites(TestNG.java:1032)
  org.testng.TestNG.run(TestNG.java:1000)
  org.testng.remote.AbstractRemoteTestNG.run(AbstractRemoteTestNG.java:115)
  org.testng.remote.RemoteTestNG.initAndRun(RemoteTestNG.java:251)
  org.testng.remote.RemoteTestNG.main(RemoteTestNG.java:77)
]]>
      </failure>

          </testcase>
  
            <testcase name="quit" time="0.0" classname="com.bhavin.testCases.TestCase_01_ValidateRegistrationDoneSuccessfully">
          <skipped />
    </testcase>
            <testcase name="validateRegistrationDoneSuccessfully" time="0.0" classname="com.bhavin.testCases.TestCase_01_ValidateRegistrationDoneSuccessfully">
          <skipped />
    </testcase>
  
  
</testsuite>
